SF:C:\Users\marvi\OneDrive\Desktop\orthello\board.js
FN:26,Board
FN:41,of
FN:61,validMoves
FN:99,play
FN:150,result
FN:175,copy
FN:187,adjacentOf
FN:213,fieldsWithState
FN:225,opponent
FN:234,isValidMove
FNDA:7,Board
FNDA:6,of
FNDA:0,validMoves
FNDA:0,play
FNDA:8,result
FNDA:0,copy
FNDA:0,adjacentOf
FNDA:24,fieldsWithState
FNDA:0,opponent
FNDA:6,isValidMove
FNF:10
FNH:5
BRDA:28,1,0,56
BRDA:30,1,1,448
BRDA:43,3,0,0
BRDA:46,3,1,48
BRDA:48,3,2,0
BRDA:51,3,3,384
BRDA:52,3,4,24
BRDA:52,3,5,12
BRDA:52,3,6,0
BRDA:157,6,0,0
BRDA:215,9,0,192
BRDA:216,9,1,1536
BRDA:217,9,2,512
BRDA:235,11,0,1
BRDA:235,11,1,1
BRDA:235,11,2,5
BRDA:236,11,3,0
BRDA:236,11,4,5
BRDA:237,11,5,4
BRDA:237,11,6,4
BRDA:237,11,7,4
BRDA:237,11,8,2
BRDA:237,11,9,3
BRDA:238,11,10,1
BRDA:238,11,11,2
BRDA:239,11,12,0
BRDA:244,11,13,10
BRDA:248,11,14,8
BRDA:248,11,15,8
BRDA:248,11,16,6
BRDA:248,11,17,6
BRDA:248,11,18,1
BRDA:253,11,19,1
BRDA:253,11,20,1
BRDA:253,11,21,1
BRDA:253,11,22,1
BRDA:253,11,23,1
BRDA:253,11,24,1
BRDA:254,11,25,1
BRF:39
BRH:33
DA:1,2
DA:2,1
DA:3,2
DA:4,2
DA:5,2
DA:6,1
DA:7,2
DA:8,2
DA:9,2
DA:10,2
DA:11,2
DA:12,2
DA:13,1
DA:14,2
DA:15,2
DA:16,2
DA:17,2
DA:18,2
DA:19,2
DA:20,2
DA:21,2
DA:22,2
DA:23,2
DA:24,1
DA:25,2
DA:26,2
DA:27,9
DA:28,9
DA:29,65
DA:30,65
DA:31,513
DA:32,513
DA:33,65
DA:34,65
DA:35,9
DA:36,37
DA:37,9
DA:38,9
DA:39,9
DA:40,1
DA:41,2
DA:42,8
DA:43,0
DA:44,0
DA:45,0
DA:46,8
DA:47,56
DA:48,0
DA:49,0
DA:50,0
DA:51,56
DA:52,0
DA:53,0
DA:54,0
DA:55,440
DA:56,56
DA:57,8
DA:58,8
DA:59,8
DA:60,1
DA:61,0
DA:62,0
DA:63,0
DA:64,0
DA:65,0
DA:66,0
DA:67,0
DA:68,0
DA:69,0
DA:70,0
DA:71,0
DA:72,0
DA:73,0
DA:74,0
DA:75,0
DA:76,0
DA:77,0
DA:78,0
DA:79,0
DA:80,0
DA:81,0
DA:82,0
DA:83,0
DA:84,0
DA:85,0
DA:86,0
DA:87,0
DA:88,0
DA:89,0
DA:90,0
DA:91,0
DA:92,0
DA:93,0
DA:94,0
DA:95,0
DA:96,0
DA:97,0
DA:98,1
DA:99,0
DA:100,0
DA:101,0
DA:102,0
DA:103,0
DA:104,0
DA:105,0
DA:106,0
DA:107,0
DA:108,0
DA:109,0
DA:110,0
DA:111,0
DA:112,0
DA:113,0
DA:114,0
DA:115,0
DA:116,0
DA:117,0
DA:118,0
DA:119,0
DA:120,0
DA:121,0
DA:122,0
DA:123,0
DA:124,0
DA:125,0
DA:126,0
DA:127,0
DA:128,0
DA:129,0
DA:130,0
DA:131,0
DA:132,0
DA:133,0
DA:134,0
DA:135,0
DA:136,0
DA:137,0
DA:138,0
DA:139,0
DA:140,0
DA:141,0
DA:142,0
DA:143,0
DA:144,0
DA:145,0
DA:146,0
DA:147,0
DA:148,0
DA:149,1
DA:150,2
DA:151,10
DA:152,10
DA:153,10
DA:154,10
DA:155,10
DA:156,10
DA:157,0
DA:158,0
DA:159,0
DA:160,0
DA:161,0
DA:162,0
DA:163,0
DA:164,0
DA:165,0
DA:166,10
DA:167,10
DA:168,10
DA:169,10
DA:170,10
DA:171,10
DA:172,10
DA:173,10
DA:174,1
DA:175,0
DA:176,0
DA:177,0
DA:178,0
DA:179,0
DA:180,0
DA:181,0
DA:182,0
DA:183,0
DA:184,0
DA:185,0
DA:186,1
DA:187,0
DA:188,0
DA:189,0
DA:190,0
DA:191,0
DA:192,0
DA:193,0
DA:194,0
DA:195,0
DA:196,0
DA:197,0
DA:198,0
DA:199,0
DA:200,0
DA:201,0
DA:202,0
DA:203,0
DA:204,0
DA:205,0
DA:206,0
DA:207,0
DA:208,0
DA:209,0
DA:210,0
DA:211,0
DA:212,1
DA:213,2
DA:214,26
DA:215,26
DA:216,218
DA:217,1754
DA:218,2266
DA:219,2266
DA:220,1754
DA:221,218
DA:222,26
DA:223,26
DA:224,1
DA:225,0
DA:226,0
DA:227,0
DA:228,0
DA:229,0
DA:230,0
DA:231,0
DA:232,0
DA:233,1
DA:234,2
DA:235,8
DA:236,0
DA:237,8
DA:238,8
DA:239,0
DA:240,8
DA:241,8
DA:242,8
DA:243,8
DA:244,8
DA:245,18
DA:246,18
DA:247,18
DA:248,18
DA:249,19
DA:250,19
DA:251,19
DA:252,19
DA:253,18
DA:254,18
DA:255,9
DA:256,8
DA:257,1
DA:258,2
LH:107
LF:258
end_of_record
SF:C:\Users\marvi\OneDrive\Desktop\orthello\game.js
FN:8,deleteChildren
FN:14,fieldId
FN:18,randomElement
FN:26,opponentMove
FN:30,randomMove
FN:39,render
FN:83,selectField
FNDA:2,deleteChildren
FNDA:65,fieldId
FNDA:4,randomElement
FNDA:0,opponentMove
FNDA:1,randomMove
FNDA:1,render
FNDA:0,selectField
FNF:7
FNH:5
BRDA:19,3,0,1
BRDA:21,3,1,3
BRDA:32,5,0,0
BRDA:42,6,0,8
BRDA:43,6,1,64
BRDA:48,6,2,8
BRDA:52,6,3,60
BRDA:55,6,4,4
BRDA:55,6,5,2
BRDA:68,6,6,0
BRF:10
BRH:8
DA:1,1
DA:2,1
DA:3,1
DA:4,1
DA:5,1
DA:6,1
DA:7,1
DA:8,3
DA:9,3
DA:10,3
DA:11,3
DA:12,3
DA:13,1
DA:14,66
DA:15,66
DA:16,66
DA:17,1
DA:18,5
DA:19,5
DA:20,6
DA:21,6
DA:22,8
DA:23,8
DA:24,5
DA:25,1
DA:26,0
DA:27,0
DA:28,0
DA:29,1
DA:30,2
DA:31,2
DA:32,0
DA:33,0
DA:34,0
DA:35,2
DA:36,2
DA:37,2
DA:38,1
DA:39,2
DA:40,2
DA:41,2
DA:42,2
DA:43,10
DA:44,74
DA:45,74
DA:46,74
DA:47,74
DA:48,74
DA:49,82
DA:50,82
DA:51,74
DA:52,74
DA:53,134
DA:54,134
DA:55,74
DA:56,80
DA:57,80
DA:58,80
DA:59,80
DA:60,74
DA:61,74
DA:62,10
DA:63,10
DA:64,10
DA:65,10
DA:66,10
DA:67,10
DA:68,0
DA:69,0
DA:70,0
DA:71,0
DA:72,0
DA:73,0
DA:74,0
DA:75,0
DA:76,0
DA:77,0
DA:78,0
DA:79,10
DA:80,10
DA:81,10
DA:82,1
DA:83,0
DA:84,0
DA:85,0
DA:86,0
DA:87,0
DA:88,0
DA:89,0
DA:90,0
DA:91,0
DA:92,0
DA:93,0
DA:94,0
DA:95,0
DA:96,0
DA:97,0
DA:98,0
DA:99,0
DA:100,0
DA:101,0
DA:102,0
DA:103,0
DA:104,0
DA:105,0
DA:106,0
DA:107,0
DA:108,0
DA:109,0
DA:110,0
DA:111,0
DA:112,0
DA:113,0
DA:114,0
DA:115,0
DA:116,0
DA:117,0
DA:118,0
DA:119,0
DA:120,0
DA:121,0
DA:122,0
DA:123,0
DA:124,0
DA:125,0
DA:126,0
DA:127,0
DA:128,0
DA:129,0
DA:130,0
DA:131,0
DA:132,0
DA:133,0
DA:134,0
DA:135,0
DA:136,0
DA:137,2
DA:138,1
DA:139,1
DA:140,1
DA:141,1
DA:142,1
DA:143,1
DA:144,1
DA:145,1
DA:146,1
LH:75
LF:146
end_of_record
